\BOOKMARK [0][-]{chapter.1}{\376\377\000I\000n\000t\000e\000r\000r\000u\000p\000t\000o\000r\000e\000s\000\040\000a\000u\000t\000o\000m\000\341\000t\000i\000c\000o\000s\000\040\000d\000e\000\040\000b\000a\000j\000a\000\040\000t\000e\000n\000s\000i\000\363\000n}{}% 1
\BOOKMARK [1][-]{section.1.1}{\376\377\000I\000n\000t\000e\000n\000s\000i\000d\000a\000d\000\040\000N\000o\000m\000i\000n\000a\000l}{chapter.1}% 2
\BOOKMARK [1][-]{section.1.2}{\376\377\000S\000o\000b\000r\000e\000i\000n\000t\000e\000n\000s\000i\000d\000a\000d\000\040\000d\000e\000\040\000s\000o\000b\000r\000e\000c\000a\000r\000g\000a}{chapter.1}% 3
\BOOKMARK [1][-]{section.1.3}{\376\377\000I\000n\000t\000e\000n\000s\000i\000d\000a\000d\000\040\000d\000e\000\040\000c\000o\000r\000t\000o\000c\000i\000r\000c\000u\000i\000t\000o}{chapter.1}% 4
\BOOKMARK [1][-]{section.1.4}{\376\377\000F\000u\000n\000c\000i\000o\000n\000e\000s\000\040\000d\000e\000\040\000u\000n\000\040\000i\000n\000t\000e\000r\000r\000u\000p\000t\000o\000r\000\040\000a\000u\000t\000o\000m\000\341\000t\000i\000c\000o\000\040\000e\000n\000\040\000b\000a\000j\000a\000\040\000t\000e\000n\000s\000i\000\363\000n}{chapter.1}% 5
\BOOKMARK [1][-]{section.1.5}{\376\377\000A\000p\000e\000r\000t\000u\000r\000a\000\040\000d\000e\000\040\000u\000n\000\040\000c\000i\000r\000c\000u\000i\000t\000o}{chapter.1}% 6
\BOOKMARK [2][-]{subsection.1.5.1}{\376\377\000S\000o\000l\000i\000c\000i\000t\000a\000c\000i\000\363\000n\000\040\000t\000\351\000r\000m\000i\000c\000a}{section.1.5}% 7
\BOOKMARK [1][-]{section.1.6}{\376\377\000A\000s\000p\000e\000c\000t\000o\000s\000\040\000c\000o\000n\000s\000t\000r\000u\000c\000t\000i\000v\000o\000s}{chapter.1}% 8
\BOOKMARK [2][-]{subsection.1.6.1}{\376\377\000C\000o\000n\000t\000a\000c\000t\000o}{section.1.6}% 9
\BOOKMARK [2][-]{subsection.1.6.2}{\376\377\000C\000\341\000m\000a\000r\000a\000\040\000d\000e\000\040\000r\000u\000p\000t\000u\000r\000a}{section.1.6}% 10
\BOOKMARK [2][-]{subsection.1.6.3}{\376\377\000P\000r\000e\000c\000\341\000m\000a\000r\000a}{section.1.6}% 11
\BOOKMARK [2][-]{subsection.1.6.4}{\376\377\000C\000\341\000m\000a\000r\000a\000\040\000d\000e\000\040\000r\000u\000p\000t\000u\000r\000a}{section.1.6}% 12
\BOOKMARK [2][-]{subsection.1.6.5}{\376\377\000R\000e\000l\000\351}{section.1.6}% 13
\BOOKMARK [2][-]{subsection.1.6.6}{\376\377\000R\000e\000l\000\351\000\040\000t\000\351\000r\000m\000i\000c\000o\000\040\000m\000e\000c\000\341\000n\000i\000c\000o}{section.1.6}% 14
\BOOKMARK [2][-]{subsection.1.6.7}{\376\377\000R\000e\000l\000\351\000\040\000i\000n\000s\000t\000a\000n\000t\000\341\000n\000e\000o\000\040\000m\000a\000g\000n\000\351\000t\000i\000c\000o}{section.1.6}% 15
\BOOKMARK [2][-]{subsection.1.6.8}{\376\377\000C\000u\000r\000v\000a\000s\000\040\000d\000e\000\040\000a\000c\000t\000u\000a\000c\000i\000\363\000n\000\040\000d\000e\000\040\000u\000n\000\040\000r\000e\000l\000\351\000\040\000d\000e\000\040\000s\000o\000b\000r\000e\000i\000n\000t\000e\000n\000s\000i\000d\000a\000d\000\040\000e\000l\000e\000c\000t\000r\000\363\000n\000i\000c\000o}{section.1.6}% 16
\BOOKMARK [1][-]{section.1.7}{\376\377\000T\000i\000p\000o\000s\000\040\000c\000o\000n\000s\000t\000r\000u\000c\000t\000i\000v\000o\000s\000\040\000d\000e\000\040\000i\000n\000t\000e\000r\000r\000u\000p\000t\000o\000r\000e\000s}{chapter.1}% 17
\BOOKMARK [2][-]{subsection.1.7.1}{\376\377\000P\000e\000q\000u\000e\000\361\000o\000s\000\040\000i\000n\000t\000e\000r\000r\000u\000p\000t\000o\000r\000e\000s\000\040\000a\000u\000t\000o\000m\000\341\000t\000i\000c\000o\000s}{section.1.7}% 18
\BOOKMARK [2][-]{subsection.1.7.2}{\376\377\000C\000a\000j\000a\000\040\000m\000o\000l\000d\000e\000a\000d\000a}{section.1.7}% 19
\BOOKMARK [2][-]{subsection.1.7.3}{\376\377\000B\000a\000s\000t\000i\000d\000o\000r\000\040\000a\000b\000i\000e\000r\000t\000o}{section.1.7}% 20
\BOOKMARK [1][-]{section.1.8}{\376\377\000N\000o\000r\000m\000a\000t\000i\000v\000a}{chapter.1}% 21
\BOOKMARK [2][-]{subsection.1.8.1}{\376\377\000U\000N\000E\000\040\000E\000N\000E\000\040\0006\0000\0008\0009\0008\000-\0001}{section.1.8}% 22
\BOOKMARK [2][-]{subsection.1.8.2}{\376\377\000U\000N\000E\000\040\000E\000N\000\040\0006\0000\0009\0004\0007\000-\0002}{section.1.8}% 23
\BOOKMARK [1][-]{section.1.9}{\376\377\000M\000a\000n\000d\000o\000s}{chapter.1}% 24
\BOOKMARK [1][-]{section.1.10}{\376\377\000E\000n\000v\000o\000l\000v\000e\000n\000t\000e}{chapter.1}% 25
\BOOKMARK [1][-]{section.1.11}{\376\377\000E\000l\000e\000m\000e\000n\000t\000o\000s\000\040\000d\000e\000\040\000s\000e\000g\000u\000r\000i\000d\000a\000d}{chapter.1}% 26
\BOOKMARK [1][-]{section.1.12}{\376\377\000I\000n\000t\000e\000r\000r\000u\000p\000t\000o\000r\000e\000s\000\040\000a\000u\000t\000o\000m\000\341\000t\000i\000c\000o\000s\000\040\000i\000n\000t\000e\000l\000i\000g\000e\000n\000t\000e\000s}{chapter.1}% 27
\BOOKMARK [1][-]{section.1.13}{\376\377\000C\000o\000m\000p\000a\000r\000a\000t\000i\000v\000a\000\040\000f\000u\000s\000i\000b\000l\000e\000\040\000c\000o\000n\000t\000r\000a\000\040\000i\000n\000t\000e\000r\000r\000u\000p\000t\000o\000r\000\040\000a\000u\000t\000o\000m\000\341\000t\000i\000c\000o}{chapter.1}% 28
\BOOKMARK [0][-]{chapter.2}{\376\377\000C\000o\000r\000t\000o\000c\000i\000r\000c\000u\000i\000t\000o\000s}{}% 29
\BOOKMARK [1][-]{section.2.1}{\376\377\000T\000i\000p\000o\000s\000\040\000d\000e\000\040\000c\000o\000r\000t\000o\000c\000i\000r\000c\000u\000i\000t\000o}{chapter.2}% 30
\BOOKMARK [1][-]{section.2.2}{\376\377\000P\000a\000r\000\341\000m\000e\000t\000r\000o\000s\000\040\000d\000e\000\040\000l\000a\000\040\000c\000o\000r\000r\000i\000e\000n\000t\000e\000\040\000d\000e\000\040\000c\000o\000r\000t\000o\000c\000i\000r\000c\000u\000i\000t\000o}{chapter.2}% 31
\BOOKMARK [1][-]{section.2.3}{\376\377\000V\000a\000l\000i\000d\000e\000z\000\040\000d\000e\000\040\000c\000\341\000l\000c\000u\000l\000o}{chapter.2}% 32
\BOOKMARK [1][-]{section.2.4}{\376\377\000F\000a\000c\000t\000o\000r\000\040\000d\000e\000\040\000t\000e\000n\000s\000i\000\363\000n}{chapter.2}% 33
\BOOKMARK [1][-]{section.2.5}{\376\377\000H\000i\000p\000\363\000t\000e\000s\000i\000s\000\040\000d\000e\000l\000\040\000c\000\341\000l\000c\000u\000l\000o}{chapter.2}% 34
\BOOKMARK [1][-]{section.2.6}{\376\377\000C\000o\000n\000d\000i\000c\000i\000o\000n\000e\000s\000\040\000d\000e\000\040\000c\000o\000r\000r\000i\000e\000n\000t\000e\000\040\000d\000e\000\040\000c\000o\000r\000t\000o\000c\000i\000r\000c\000u\000i\000t\000o\000\040\000m\000\341\000x\000i\000m\000a}{chapter.2}% 35
\BOOKMARK [1][-]{section.2.7}{\376\377\000C\000o\000n\000d\000i\000c\000i\000o\000n\000e\000s\000\040\000d\000e\000\040\000c\000o\000r\000r\000i\000e\000n\000t\000e\000\040\000d\000e\000\040\000c\000o\000r\000t\000o\000c\000i\000r\000c\000u\000i\000t\000o\000\040\000m\000\355\000n\000i\000m\000a}{chapter.2}% 36
\BOOKMARK [1][-]{section.2.8}{\376\377\000A\000p\000o\000r\000t\000a\000c\000i\000\363\000n\000\040\000d\000e\000\040\000m\000o\000t\000o\000r\000e\000s}{chapter.2}% 37
\BOOKMARK [1][-]{section.2.9}{\376\377\000C\000o\000r\000t\000o\000c\000i\000r\000c\000u\000i\000t\000o\000\040\000e\000n\000\040\000b\000o\000r\000n\000e\000s\000\040\000d\000e\000\040\000u\000n\000\040\000t\000r\000a\000f\000o}{chapter.2}% 38
\BOOKMARK [1][-]{section.2.10}{\376\377\000M\000\351\000t\000o\000d\000o\000s\000\040\000d\000e\000\040\000c\000\341\000l\000c\000u\000l\000o\000\040\000s\000i\000m\000p\000l\000i\000f\000i\000c\000a\000d\000o\000s}{chapter.2}% 39
\BOOKMARK [0][-]{chapter.3}{\376\377\000P\000e\000q\000u\000e\000\361\000o\000s\000\040\000i\000n\000t\000e\000r\000r\000u\000p\000t\000o\000r\000e\000s\000\040\000a\000u\000t\000o\000m\000\341\000t\000i\000c\000o\000s}{}% 40
\BOOKMARK [1][-]{section.3.1}{\376\377\000C\000a\000r\000a\000c\000t\000e\000r\000\355\000s\000t\000i\000c\000a\000s\000\040\000b\000\341\000s\000i\000c\000a\000s}{chapter.3}% 41
\BOOKMARK [2][-]{subsection.3.1.1}{\376\377\000C\000a\000p\000a\000c\000i\000d\000a\000d\000\040\000o\000\040\000p\000o\000d\000e\000r\000\040\000d\000e\000\040\000c\000o\000r\000t\000e}{section.3.1}% 42
\BOOKMARK [2][-]{subsection.3.1.2}{\376\377\000P\000o\000d\000e\000r\000\040\000d\000e\000\040\000c\000o\000r\000t\000e\000\040\000d\000e\000\040\000s\000e\000r\000v\000i\000c\000i\000o\000\040\000e\000n\000\040\000c\000o\000r\000t\000o\000c\000i\000r\000c\000u\000i\000t\000o}{section.3.1}% 43
\BOOKMARK [2][-]{subsection.3.1.3}{\376\377\000C\000u\000r\000v\000a\000s\000\040\000d\000e\000\040\000d\000i\000s\000p\000a\000r\000o}{section.3.1}% 44
\BOOKMARK [2][-]{subsection.3.1.4}{\376\377\000C\000o\000r\000r\000i\000e\000n\000t\000e\000\040\000d\000e\000\040\000c\000o\000r\000t\000o\000c\000i\000r\000c\000u\000i\000t\000o\000\040\000l\000i\000m\000i\000t\000a\000d\000a}{section.3.1}% 45
\BOOKMARK [2][-]{subsection.3.1.5}{\376\377\000C\000l\000a\000s\000e\000s\000\040\000d\000e\000\040\000l\000i\000m\000i\000t\000a\000c\000i\000\363\000n\000\040\000d\000e\000\040\000l\000a\000\040\000e\000n\000e\000r\000g\000\355\000a}{section.3.1}% 46
\BOOKMARK [2][-]{subsection.3.1.6}{\376\377\000P\000a\000n\000e\000l\000\040\000f\000r\000o\000n\000t\000a\000l}{section.3.1}% 47
\BOOKMARK [2][-]{subsection.3.1.7}{\376\377\000N\000\372\000m\000e\000r\000o\000\040\000d\000e\000\040\000p\000o\000l\000o\000s}{section.3.1}% 48
\BOOKMARK [1][-]{section.3.2}{\376\377\000S\000e\000l\000e\000c\000c\000i\000\363\000n\000\040\000d\000e\000\040\000p\000e\000q\000u\000e\000\361\000o\000s\000\040\000i\000n\000t\000e\000r\000r\000u\000p\000t\000o\000r\000e\000s\000\040\000a\000u\000t\000o\000m\000\341\000t\000i\000c\000o\000s}{chapter.3}% 49
\BOOKMARK [2][-]{subsection.3.2.1}{\376\377\000N\000o\000r\000m\000a\000t\000i\000v\000a\000\040\000y\000\040\000c\000u\000e\000s\000t\000i\000o\000n\000e\000s\000\040\000g\000e\000n\000e\000r\000a\000l\000e\000s}{section.3.2}% 50
\BOOKMARK [2][-]{subsection.3.2.2}{\376\377\000P\000a\000r\000t\000e\000s\000\040\000p\000r\000o\000t\000e\000g\000i\000d\000a\000s\000\040\000d\000e\000\040\000u\000n\000a\000\040\000i\000n\000s\000t\000a\000l\000a\000c\000i\000\363\000n}{section.3.2}% 51
\BOOKMARK [2][-]{subsection.3.2.3}{\376\377\000T\000e\000n\000s\000i\000\363\000n\000\040\000a\000s\000i\000g\000n\000a\000d\000a}{section.3.2}% 52
\BOOKMARK [2][-]{subsection.3.2.4}{\376\377\000N\000\372\000m\000e\000r\000o\000\040\000d\000e\000\040\000p\000o\000l\000o\000s}{section.3.2}% 53
\BOOKMARK [2][-]{subsection.3.2.5}{\376\377\000I\000n\000t\000e\000n\000s\000i\000d\000a\000d\000\040\000a\000s\000i\000g\000n\000a\000d\000a}{section.3.2}% 54
\BOOKMARK [2][-]{subsection.3.2.6}{\376\377\000P\000o\000d\000e\000r\000\040\000d\000e\000\040\000c\000o\000r\000t\000e\000\040\000a\000s\000i\000g\000n\000a\000d\000o}{section.3.2}% 55
\BOOKMARK [2][-]{subsection.3.2.7}{\376\377\000U\000m\000b\000r\000a\000l\000\040\000d\000e\000\040\000d\000i\000s\000p\000a\000r\000o\000\040\000m\000a\000g\000n\000\351\000t\000i\000c\000o}{section.3.2}% 56
\BOOKMARK [0][-]{chapter.4}{\376\377\000I\000n\000t\000e\000r\000r\000u\000p\000t\000o\000r\000e\000s\000\040\000a\000u\000t\000o\000m\000\341\000t\000i\000c\000o\000s\000\040\000i\000n\000d\000u\000s\000t\000r\000i\000a\000l\000e\000s}{}% 57
\BOOKMARK [1][-]{section.4.1}{\376\377\000C\000a\000r\000a\000c\000t\000e\000r\000\355\000s\000t\000i\000c\000a\000s\000\040\000b\000\341\000s\000i\000c\000a\000s}{chapter.4}% 58
\BOOKMARK [2][-]{subsection.4.1.1}{\376\377\000T\000i\000p\000o\000s\000\040\000d\000e\000\040\000i\000n\000t\000e\000r\000r\000u\000p\000t\000o\000r\000e\000s\000\040\000a\000u\000t\000o\000m\000\341\000t\000i\000c\000o\000s\000\040\000i\000n\000d\000u\000s\000t\000r\000i\000a\000l\000e\000s}{section.4.1}% 59
\BOOKMARK [2][-]{subsection.4.1.2}{\376\377\000P\000o\000d\000e\000r\000e\000s\000\040\000d\000e\000\040\000c\000o\000r\000t\000e}{section.4.1}% 60
\BOOKMARK [2][-]{subsection.4.1.3}{\376\377\000P\000o\000d\000e\000r\000\040\000a\000s\000i\000g\000n\000a\000d\000o\000\040\000d\000e\000\040\000c\000o\000r\000t\000e\000\040\000d\000e\000\040\000s\000e\000r\000v\000i\000c\000i\000o\000\040\000e\000n\000\040\000c\000o\000r\000t\000o\000c\000i\000r\000c\000u\000i\000t\000o}{section.4.1}% 61
\BOOKMARK [2][-]{subsection.4.1.4}{\376\377\000C\000l\000a\000s\000i\000f\000i\000c\000a\000c\000i\000\363\000n}{section.4.1}% 62
\BOOKMARK [2][-]{subsection.4.1.5}{\376\377\000c\000o\000r\000r\000i\000e\000n\000t\000e\000\040\000d\000e\000\040\000c\000o\000r\000t\000a\000\040\000d\000u\000r\000a\000c\000i\000\363\000n\000\040\000a\000d\000m\000i\000s\000i\000b\000l\000e}{section.4.1}% 63
\BOOKMARK [2][-]{subsection.4.1.6}{\376\377\000P\000o\000d\000e\000r\000\040\000a\000s\000i\000g\000n\000a\000d\000o\000\040\000d\000e\000\040\000c\000i\000e\000r\000r\000e\000\040\000e\000n\000\040\000c\000o\000r\000t\000o\000c\000i\000r\000c\000u\000i\000t\000o}{section.4.1}% 64
\BOOKMARK [2][-]{subsection.4.1.7}{\376\377\000C\000u\000r\000v\000a\000s\000\040\000d\000e\000\040\000d\000i\000s\000p\000a\000r\000o}{section.4.1}% 65
\BOOKMARK [2][-]{subsection.4.1.8}{\376\377\000C\000u\000e\000s\000t\000i\000o\000n\000e\000s\000\040\000d\000e\000\040\000i\000n\000s\000t\000a\000l\000a\000c\000i\000\363\000n}{section.4.1}% 66
\BOOKMARK [1][-]{section.4.2}{\376\377\000C\000o\000m\000p\000a\000r\000a\000c\000i\000\363\000n\000\040\000e\000n\000t\000r\000e\000\040\000i\000n\000t\000e\000r\000r\000u\000p\000t\000o\000r\000e\000s\000\040\000a\000u\000t\000o\000m\000\341\000t\000i\000c\000o\000s\000\040\000d\000o\000m\000\351\000s\000t\000i\000c\000o\000s\000\040\000e\000\040\000i\000n\000d\000u\000s\000t\000r\000i\000a\000l\000e\000s}{chapter.4}% 67
\BOOKMARK [1][-]{section.4.3}{\376\377\000S\000e\000l\000e\000c\000c\000i\000\363\000n\000\040\000d\000e\000\040\000i\000n\000t\000e\000r\000r\000u\000p\000t\000o\000r\000e\000s\000\040\000a\000u\000t\000o\000m\000\341\000t\000i\000c\000o\000s\000\040\000i\000n\000d\000u\000s\000t\000r\000i\000a\000l\000e\000s}{chapter.4}% 68
\BOOKMARK [2][-]{subsection.4.3.1}{\376\377\000C\000r\000i\000t\000e\000r\000i\000o\000s\000\040\000d\000e\000\040\000s\000e\000l\000e\000c\000c\000i\000\363\000n}{section.4.3}% 69
\BOOKMARK [2][-]{subsection.4.3.2}{\376\377\000I\000n\000t\000e\000n\000s\000i\000d\000a\000d\000\040\000a\000s\000i\000g\000n\000a\000d\000a\000\040\000y\000\040\000r\000e\000g\000u\000l\000a\000d\000a}{section.4.3}% 70
\BOOKMARK [2][-]{subsection.4.3.3}{\376\377\000P\000o\000d\000e\000r\000\040\000d\000e\000\040\000c\000o\000r\000t\000e\000\040\000\372\000l\000t\000i\000m\000o\000\040\000y\000\040\000d\000e\000\040\000s\000e\000r\000v\000i\000c\000i\000o}{section.4.3}% 71
\BOOKMARK [2][-]{subsection.4.3.4}{\376\377\000U\000m\000b\000r\000a\000l\000\040\000d\000e\000\040\000d\000i\000s\000p\000a\000r\000o\000\040\000i\000n\000s\000t\000a\000n\000t\000\341\000n\000e\000o}{section.4.3}% 72
\BOOKMARK [0][-]{chapter.5}{\376\377\000S\000e\000l\000e\000c\000t\000i\000v\000i\000d\000a\000d\000\040\000i\000n\000t\000e\000r\000r\000u\000p\000t\000o\000r\000e\000s\000\040\000a\000u\000t\000o\000m\000\341\000t\000i\000c\000o\000s\000\040\000d\000e\000\040\000b\000a\000j\000a\000\040\000t\000e\000n\000s\000i\000\363\000n}{}% 73
\BOOKMARK [1][-]{section.5.1}{\376\377\000S\000e\000l\000e\000c\000t\000i\000v\000i\000d\000a\000d\000\040\000T\000o\000t\000a\000l}{chapter.5}% 74
\BOOKMARK [1][-]{section.5.2}{\376\377\000S\000e\000l\000e\000c\000t\000i\000v\000i\000d\000a\000d\000\040\000P\000a\000r\000c\000i\000a\000l}{chapter.5}% 75
\BOOKMARK [1][-]{section.5.3}{\376\377\000S\000e\000l\000e\000c\000t\000i\000v\000i\000d\000a\000d\000\040\000f\000r\000e\000n\000t\000e\000\040\000a\000\040\000s\000o\000b\000r\000e\000c\000a\000r\000g\000a\000s}{chapter.5}% 76
\BOOKMARK [1][-]{section.5.4}{\376\377\000S\000e\000l\000e\000c\000t\000i\000v\000i\000d\000a\000d\000\040\000f\000r\000e\000n\000t\000e\000\040\000a\000\040\000c\000o\000r\000t\000o\000c\000i\000r\000c\000u\000i\000t\000o\000s}{chapter.5}% 77
\BOOKMARK [1][-]{section.5.5}{\376\377\000S\000e\000l\000e\000c\000t\000i\000v\000i\000d\000a\000d\000\040\000f\000r\000e\000n\000t\000e\000\040\000a\000\040\000c\000o\000r\000t\000o\000c\000i\000r\000c\000u\000i\000t\000o\000s\000\040\000m\000o\000d\000e\000r\000a\000d\000o\000s}{chapter.5}% 78
\BOOKMARK [1][-]{section.5.6}{\376\377\000C\000o\000o\000r\000d\000i\000n\000a\000c\000i\000\363\000n\000\040\000e\000n\000t\000r\000e\000\040\000i\000n\000t\000e\000r\000r\000u\000p\000t\000o\000r\000e\000s\000\040\000a\000u\000t\000o\000m\000\341\000t\000i\000c\000o\000s}{chapter.5}% 79
\BOOKMARK [1][-]{section.5.7}{\376\377\000S\000e\000l\000e\000c\000t\000i\000v\000i\000d\000a\000d\000\040\000l\000\363\000g\000i\000c\000a}{chapter.5}% 80
\BOOKMARK [0][-]{chapter.6}{\376\377\000A\000p\000l\000i\000c\000a\000c\000i\000o\000n\000e\000s}{}% 81
\BOOKMARK [1][-]{section.6.1}{\376\377\000M\000a\000n\000i\000o\000b\000r\000a\000\040\000y\000\040\000p\000r\000o\000t\000e\000c\000c\000i\000\363\000n\000\040\000d\000e\000\040\000m\000o\000t\000o\000r\000e\000s}{chapter.6}% 82
\BOOKMARK [2][-]{subsection.6.1.1}{\376\377\000A\000r\000r\000a\000n\000c\000a\000d\000o\000r}{section.6.1}% 83
\BOOKMARK [2][-]{subsection.6.1.2}{\376\377\000C\000o\000o\000r\000d\000i\000n\000a\000c\000i\000\363\000n\000\040\000e\000n\000\040\000u\000n\000\040\000a\000r\000r\000a\000n\000c\000a\000d\000o\000r}{section.6.1}% 84
\BOOKMARK [2][-]{subsection.6.1.3}{\376\377\000T\000i\000p\000o\000\040\000d\000e\000\040\000i\000n\000t\000e\000r\000r\000u\000p\000t\000o\000r\000\040\000a\000u\000t\000o\000m\000\341\000t\000i\000c\000o\000\040\000e\000n\000\040\000f\000u\000n\000c\000i\000\363\000n\000\040\000d\000e\000\040\000l\000a\000\040\000p\000o\000t\000e\000n\000c\000i\000a}{section.6.1}% 85
\BOOKMARK [1][-]{section.6.2}{\376\377\000P\000r\000o\000t\000e\000c\000c\000i\000\363\000n\000\040\000d\000e\000\040\000g\000e\000n\000e\000r\000a\000d\000o\000r\000e\000s}{chapter.6}% 86
\BOOKMARK [1][-]{section.6.3}{\376\377\000S\000i\000s\000t\000e\000m\000a\000s\000\040\000d\000e\000\040\000a\000l\000i\000m\000e\000n\000t\000a\000c\000i\000\363\000n\000\040\000i\000n\000i\000n\000t\000e\000r\000r\000u\000m\000p\000i\000d\000a\000\040\000S\000A\000I}{chapter.6}% 87
\BOOKMARK [2][-]{subsection.6.3.1}{\376\377\000M\000o\000d\000o\000s\000\040\000f\000u\000n\000c\000i\000o\000n\000a\000m\000i\000e\000n\000t\000o\000\040\000S\000A\000I}{section.6.3}% 88
\BOOKMARK [2][-]{subsection.6.3.2}{\376\377\000S\000A\000I\000\040\000e\000n\000\040\000e\000s\000t\000a\000d\000o\000\040\000d\000e\000\040\000e\000m\000e\000r\000g\000e\000n\000c\000i\000a\000\040\000y\000\040\000s\000o\000b\000r\000e\000i\000n\000t\000e\000n\000s\000i\000d\000a\000d}{section.6.3}% 89
\BOOKMARK [1][-]{section.6.4}{\376\377\000P\000r\000o\000t\000e\000c\000c\000i\000\363\000n\000\040\000d\000e\000\040\000c\000o\000n\000d\000e\000n\000s\000a\000d\000o\000r\000e\000s}{chapter.6}% 90
\BOOKMARK [1][-]{section.6.5}{\376\377\000A\000l\000i\000m\000e\000n\000t\000a\000c\000i\000\363\000n\000\040\000p\000o\000r\000\040\000v\000a\000r\000i\000o\000s\000\040\000t\000r\000a\000n\000s\000f\000o\000r\000m\000a\000d\000o\000r\000e\000s\000\040\000e\000n\000\040\000p\000a\000r\000a\000l\000e\000l\000o}{chapter.6}% 91
\BOOKMARK [0][-]{chapter.7}{\376\377\000P\000r\000o\000t\000e\000c\000c\000i\000\363\000n\000\040\000f\000r\000e\000n\000t\000e\000\040\000a\000\040\000c\000o\000n\000t\000a\000c\000t\000o\000s\000\040\000d\000i\000r\000e\000c\000t\000o\000s\000\040\000e\000\040\000i\000n\000d\000i\000r\000e\000c\000t\000o\000s}{}% 92
\BOOKMARK [1][-]{section.7.1}{\376\377\000R\000i\000e\000s\000g\000o\000s\000\040\000d\000e\000\040\000l\000a\000\040\000u\000t\000i\000l\000i\000z\000a\000c\000i\000\363\000n\000\040\000d\000e\000\040\000l\000a\000\040\000e\000l\000e\000c\000t\000r\000i\000c\000i\000d\000a\000d}{chapter.7}% 93
\BOOKMARK [1][-]{section.7.2}{\376\377\000E\000f\000e\000c\000t\000o\000s\000\040\000b\000i\000o\000l\000\363\000g\000i\000c\000o\000s\000\040\000d\000e\000\040\000l\000a\000\040\000c\000o\000r\000r\000i\000e\000n\000t\000e\000\040\000e\000l\000\351\000c\000t\000r\000i\000c\000a}{chapter.7}% 94
\BOOKMARK [2][-]{subsection.7.2.1}{\376\377\000I\000n\000t\000e\000n\000s\000i\000d\000a\000d\000\040\000d\000e\000\040\000l\000a\000\040\000c\000o\000r\000r\000i\000e\000n\000t\000e}{section.7.2}% 95
\BOOKMARK [2][-]{subsection.7.2.2}{\376\377\000T\000i\000e\000m\000p\000o\000\040\000d\000e\000\040\000c\000o\000n\000t\000a\000c\000t\000o}{section.7.2}% 96
\BOOKMARK [2][-]{subsection.7.2.3}{\376\377\000T\000r\000a\000y\000e\000c\000t\000o\000r\000i\000a\000\040\000p\000o\000r\000\040\000e\000l\000\040\000c\000u\000e\000r\000p\000o\000\040\000h\000u\000m\000a\000n\000o}{section.7.2}% 97
\BOOKMARK [1][-]{section.7.3}{\376\377\000M\000\351\000t\000o\000d\000o\000s\000\040\000d\000e\000\040\000p\000r\000o\000t\000e\000c\000c\000i\000\363\000n\000\040\000f\000r\000e\000n\000t\000e\000\040\000a\000\040\000c\000o\000n\000t\000a\000c\000t\000o\000s\000\040\000d\000i\000r\000e\000c\000t\000o\000s}{chapter.7}% 98
\BOOKMARK [1][-]{section.7.4}{\376\377\000M\000\351\000t\000o\000d\000o\000s\000\040\000d\000e\000\040\000p\000r\000o\000t\000e\000c\000c\000i\000\363\000n\000\040\000f\000r\000e\000n\000t\000e\000\040\000a\000\040\000c\000o\000n\000t\000a\000c\000t\000o\000s\000\040\000i\000n\000d\000i\000r\000e\000c\000t\000o\000s}{chapter.7}% 99
\BOOKMARK [0][-]{chapter.8}{\376\377\000E\000s\000q\000u\000e\000m\000a\000\040\000T\000T\000.\000\040\000P\000r\000o\000t\000e\000c\000c\000i\000\363\000n\000\040\000d\000i\000f\000e\000r\000e\000n\000c\000i\000a\000l}{}% 100
\BOOKMARK [1][-]{section.8.1}{\376\377\000A\000n\000\341\000l\000i\000s\000i\000s\000\040\000d\000e\000l\000\040\000e\000s\000q\000u\000e\000m\000a\000\040\000T\000T}{chapter.8}% 101
\BOOKMARK [2][-]{subsection.8.1.1}{\376\377\000C\000i\000r\000c\000u\000i\000t\000o\000\040\000e\000q\000u\000i\000v\000a\000l\000e\000n\000t\000e\000\040\000s\000i\000m\000p\000l\000i\000f\000i\000c\000a\000d\000o\000\040\000e\000n\000\040\000c\000a\000s\000o\000\040\000d\000e\000\040\000f\000a\000l\000l\000o}{section.8.1}% 102
\BOOKMARK [1][-]{section.8.2}{\376\377\000C\000o\000n\000d\000i\000c\000i\000o\000n\000e\000s\000\040\000d\000e\000\040\000p\000r\000o\000t\000e\000c\000c\000i\000\363\000n}{chapter.8}% 103
\BOOKMARK [1][-]{section.8.3}{\376\377\000I\000n\000t\000e\000r\000r\000u\000p\000t\000o\000r\000\040\000d\000i\000f\000e\000r\000e\000n\000c\000i\000a\000l}{chapter.8}% 104
\BOOKMARK [1][-]{section.8.4}{\376\377\000S\000e\000l\000e\000c\000c\000i\000\363\000n\000\040\000d\000e\000\040\000i\000n\000t\000e\000r\000r\000u\000p\000t\000o\000r\000e\000s\000\040\000d\000i\000f\000e\000r\000e\000n\000c\000i\000a\000l\000e\000s}{chapter.8}% 105
\BOOKMARK [1][-]{section.8.5}{\376\377\000S\000e\000l\000e\000c\000t\000i\000v\000i\000d\000a\000d\000\040\000e\000n\000t\000r\000e\000\040\000i\000n\000t\000e\000r\000r\000u\000p\000t\000o\000r\000e\000s\000\040\000d\000i\000f\000e\000r\000e\000n\000c\000i\000a\000l\000e\000s}{chapter.8}% 106
\BOOKMARK [1][-]{section.8.6}{\376\377\000P\000r\000o\000t\000e\000c\000c\000i\000\363\000n\000\040\000c\000o\000n\000t\000r\000a\000\040\000i\000n\000c\000e\000n\000d\000i\000o\000s}{chapter.8}% 107
\BOOKMARK [1][-]{section.8.7}{\376\377\000E\000j\000e\000m\000p\000l\000o\000\040\000d\000e\000\040\000c\000\341\000l\000c\000u\000l\000o\000\040\000d\000e\000\040\000e\000s\000q\000u\000e\000m\000a\000\040\000T\000T}{chapter.8}% 108
\BOOKMARK [2][-]{subsection.8.7.1}{\376\377\000D\000a\000t\000o\000s\000\040\000d\000e\000\040\000p\000a\000r\000t\000i\000d\000a}{section.8.7}% 109
\BOOKMARK [2][-]{subsection.8.7.2}{\376\377\000E\000s\000q\000u\000e\000m\000a\000\040\000e\000l\000\351\000c\000t\000r\000i\000c\000o\000\040\000m\000u\000l\000t\000i\000f\000i\000l\000a\000r}{section.8.7}% 110
\BOOKMARK [2][-]{subsection.8.7.3}{\376\377\000B\000u\000c\000l\000e\000\040\000d\000e\000\040\000d\000e\000f\000e\000c\000t\000o}{section.8.7}% 111
\BOOKMARK [2][-]{subsection.8.7.4}{\376\377\000C\000i\000r\000c\000u\000i\000t\000o\000\040\000e\000q\000u\000i\000v\000a\000l\000e\000n\000t\000e}{section.8.7}% 112
\BOOKMARK [2][-]{subsection.8.7.5}{\376\377\000C\000i\000r\000c\000u\000i\000t\000o\000\040\000e\000q\000u\000i\000v\000a\000l\000e\000n\000t\000e\000\040\000s\000i\000m\000p\000l\000i\000f\000i\000c\000a\000d\000o}{section.8.7}% 113
\BOOKMARK [2][-]{subsection.8.7.6}{\376\377\000C\000\341\000l\000c\000u\000l\000o\000\040\000d\000e\000\040\000i\000m\000p\000e\000d\000a\000n\000c\000i\000a\000\040\000s\000e\000r\000i\000e\000,\000\040\000c\000o\000r\000r\000i\000e\000n\000t\000e\000\040\000d\000e\000\040\000d\000e\000f\000e\000c\000t\000o\000\040\000y\000\040\000t\000e\000n\000s\000i\000\363\000n\000\040\000d\000e\000\040\000c\000o\000n\000t\000a\000c\000t\000o}{section.8.7}% 114
\BOOKMARK [2][-]{subsection.8.7.7}{\376\377\000S\000e\000n\000s\000i\000b\000i\000l\000i\000d\000a\000d\000\040\000d\000e\000l\000\040\000i\000n\000t\000e\000r\000r\000u\000p\000t\000o\000r\000\040\000d\000i\000f\000e\000r\000e\000n\000c\000i\000a\000l}{section.8.7}% 115
\BOOKMARK [2][-]{subsection.8.7.8}{\376\377\000C\000o\000m\000p\000r\000o\000b\000a\000c\000i\000\363\000n\000\040\000d\000e\000l\000\040\000R\000E\000B\000T\000\040\000e\000s\000q\000u\000e\000m\000a\000\040\000T\000T}{section.8.7}% 116
\BOOKMARK [2][-]{subsection.8.7.9}{\376\377\000C\000u\000r\000v\000a\000s\000\040\000d\000e\000\040\000s\000e\000g\000u\000r\000i\000d\000a\000d\000\040\000d\000e\000\040\000t\000e\000n\000s\000i\000\363\000n}{section.8.7}% 117
\BOOKMARK [2][-]{subsection.8.7.10}{\376\377\000C\000o\000m\000p\000r\000o\000b\000a\000r\000\040\000q\000u\000e\000\040\000s\000e\000\040\000c\000u\000m\000p\000l\000e\000n\000\040\000l\000a\000s\000\040\000c\000u\000r\000v\000a\000s\000\040\000d\000e\000\040\000s\000e\000g\000u\000r\000i\000d\000a\000d\000\040\000d\000e\000\040\000t\000i\000e\000m\000p\000o\000-\000i\000n\000t\000e\000n\000s\000i\000d\000a\000d}{section.8.7}% 118
\BOOKMARK [0][-]{chapter.9}{\376\377\000E\000s\000q\000u\000e\000m\000a\000\040\000T\000N}{}% 119
\BOOKMARK [1][-]{section.9.1}{\376\377\000E\000s\000q\000u\000e\000m\000a\000\040\000T\000N\000\040\040\023\000\040\000S}{chapter.9}% 120
\BOOKMARK [1][-]{section.9.2}{\376\377\000E\000s\000q\000u\000e\000m\000a\000\040\000T\000N\000\040\040\023\000\040\000C}{chapter.9}% 121
\BOOKMARK [1][-]{section.9.3}{\376\377\000C\000o\000n\000d\000i\000c\000i\000o\000n\000e\000s\000\040\000d\000e\000\040\000p\000r\000o\000t\000e\000c\000c\000i\000\363\000n}{chapter.9}% 122
\BOOKMARK [1][-]{section.9.4}{\376\377\000L\000o\000n\000g\000i\000t\000u\000d\000\040\000m\000\341\000x\000i\000m\000a\000\040\000p\000r\000o\000t\000e\000g\000i\000d\000a}{chapter.9}% 123
\BOOKMARK [1][-]{section.9.5}{\376\377\000E\000j\000e\000m\000p\000l\000o\000\040\000d\000e\000\040\000E\000s\000q\000u\000e\000m\000a\000\040\000T\000N\000\040\040\023\000\040\000C}{chapter.9}% 124
\BOOKMARK [1][-]{section.9.6}{\376\377\000E\000j\000e\000m\000p\000l\000o\000\040\000d\000e\000\040\000E\000s\000q\000u\000e\000m\000a\000\040\000T\000N\000\040\040\023\000\040\000S}{chapter.9}% 125
\BOOKMARK [0][-]{chapter.10}{\376\377\000E\000s\000q\000u\000e\000m\000a\000\040\000I\000T}{}% 126
\BOOKMARK [1][-]{section.10.1}{\376\377\000A\000n\000\341\000l\000i\000s\000i\000s\000\040\000d\000e\000l\000\040\000e\000s\000q\000u\000e\000m\000a\000\040\000I\000T}{chapter.10}% 127
\BOOKMARK [1][-]{section.10.2}{\376\377\000C\000\341\000l\000c\000u\000l\000o\000\040\000d\000e\000\040\000l\000a\000\040\000i\000n\000t\000e\000n\000s\000i\000d\000a\000d\000\040\000d\000e\000\040\000d\000e\000f\000e\000c\000t\000o}{chapter.10}% 128
\BOOKMARK [1][-]{section.10.3}{\376\377\000C\000o\000n\000d\000i\000c\000i\000o\000n\000e\000s\000\040\000d\000e\000\040\000p\000r\000o\000t\000e\000c\000c\000i\000\363\000n\000\040\000p\000r\000i\000m\000e\000r\000\040\000d\000e\000f\000e\000c\000t\000o}{chapter.10}% 129
\BOOKMARK [1][-]{section.10.4}{\376\377\000C\000o\000n\000d\000i\000c\000i\000o\000n\000e\000s\000\040\000d\000e\000\040\000p\000r\000o\000t\000e\000c\000c\000i\000\363\000n\000\040\000d\000o\000b\000l\000e\000\040\000d\000e\000f\000e\000c\000t\000o\000\040\000e\000n\000\040\000d\000i\000s\000t\000i\000n\000t\000a\000\040\000f\000a\000s\000e}{chapter.10}% 130
\BOOKMARK [1][-]{section.10.5}{\376\377\000E\000j\000e\000m\000p\000l\000o\000\040\000d\000e\000\040\000c\000\341\000l\000c\000u\000l\000o\000\040\000d\000e\000\040\000r\000e\000d\000\040\000I\000T\000\040\000c\000o\000n\000\040\000t\000i\000e\000r\000r\000a\000\040\000\372\000n\000i\000c\000a}{chapter.10}% 131
\BOOKMARK [1][-]{section.10.6}{\376\377\000E\000j\000e\000m\000p\000l\000o\000\040\000d\000e\000\040\000c\000\341\000l\000c\000u\000l\000o\000\040\000d\000e\000\040\000r\000e\000d\000\040\000I\000T\000\040\000c\000o\000n\000\040\000t\000i\000e\000r\000r\000a\000s\000\040\000i\000n\000d\000e\000p\000e\000n\000d\000i\000e\000n\000t\000e\000s}{chapter.10}% 132
\BOOKMARK [1][-]{section.10.7}{\376\377\000C\000o\000m\000p\000a\000r\000a\000c\000i\000\363\000n\000\040\000y\000\040\000s\000e\000l\000e\000c\000c\000i\000\363\000n\000\040\000d\000e\000\040\000e\000s\000q\000u\000e\000m\000a\000s\000\040\000d\000e\000\040\000n\000e\000u\000t\000r\000o}{chapter.10}% 133
