\BOOKMARK [0][-]{chapter*.1}{\376\377\000\315\000n\000d\000i\000c\000e}{}% 1
\BOOKMARK [0][-]{chapter.1}{\376\377\000R\000e\000c\000u\000r\000s\000o\000s\000\040\000E\000n\000e\000r\000g\000\351\000t\000i\000c\000o\000s\000\040\000y\000\040\000l\000a\000\040\000P\000r\000o\000d\000u\000c\000c\000i\000\363\000n\000\040\000d\000e\000\040\000E\000l\000e\000c\000t\000r\000i\000c\000i\000d\000a\000d\000.}{}% 2
\BOOKMARK [1][-]{section.1.1}{\376\377\000I\000n\000t\000r\000o\000d\000u\000c\000c\000i\000\363\000n\000.}{chapter.1}% 3
\BOOKMARK [1][-]{section.1.2}{\376\377\000F\000u\000e\000n\000t\000e\000s\000\040\000d\000e\000\040\000e\000n\000e\000r\000g\000\355\000a\000\040\000n\000o\000\040\000r\000e\000n\000o\000v\000a\000b\000l\000e\000.}{chapter.1}% 4
\BOOKMARK [2][-]{subsection.1.2.1}{\376\377\000F\000u\000e\000n\000t\000e\000s\000\040\000d\000e\000\040\000e\000n\000e\000r\000g\000\355\000a\000\040\000f\000\363\000s\000i\000l\000.}{section.1.2}% 5
\BOOKMARK [2][-]{subsection.1.2.2}{\376\377\000F\000u\000e\000n\000t\000e\000s\000\040\000d\000e\000\040\000e\000n\000e\000r\000g\000\355\000a\000\040\000n\000u\000c\000l\000e\000a\000r\000.}{section.1.2}% 6
\BOOKMARK [1][-]{section.1.3}{\376\377\000F\000u\000e\000n\000t\000e\000s\000\040\000d\000e\000\040\000e\000n\000e\000r\000g\000\355\000a\000\040\000r\000e\000n\000o\000v\000a\000b\000l\000e\000.}{chapter.1}% 7
\BOOKMARK [2][-]{subsection.1.3.1}{\376\377\000E\000n\000e\000r\000g\000\355\000a\000\040\000s\000o\000l\000a\000r\000.}{section.1.3}% 8
\BOOKMARK [2][-]{subsection.1.3.2}{\376\377\000E\000n\000e\000r\000g\000\355\000a\000\040\000e\000\363\000l\000i\000c\000a\000.}{section.1.3}% 9
\BOOKMARK [2][-]{subsection.1.3.3}{\376\377\000E\000n\000e\000r\000g\000\355\000a\000\040\000d\000e\000\040\000l\000a\000\040\000b\000i\000o\000m\000a\000s\000a\000.}{section.1.3}% 10
\BOOKMARK [2][-]{subsection.1.3.4}{\376\377\000E\000n\000e\000r\000g\000\355\000a\000s\000\040\000m\000a\000r\000i\000n\000a\000s\000.}{section.1.3}% 11
\BOOKMARK [2][-]{subsection.1.3.5}{\376\377\000E\000n\000e\000r\000g\000\355\000a\000\040\000h\000i\000d\000r\000\341\000u\000l\000i\000c\000a\000.}{section.1.3}% 12
\BOOKMARK [2][-]{subsection.1.3.6}{\376\377\000H\000i\000d\000r\000\363\000g\000e\000n\000o\000.\000\040\000P\000i\000l\000a\000\040\000d\000e\000\040\000c\000o\000m\000b\000u\000s\000t\000i\000b\000l\000e\000.}{section.1.3}% 13
\BOOKMARK [2][-]{subsection.1.3.7}{\376\377\000E\000n\000e\000r\000g\000\355\000a\000\040\000g\000e\000o\000t\000\351\000r\000m\000i\000c\000a\000.}{section.1.3}% 14
\BOOKMARK [1][-]{section.1.4}{\376\377\000C\000o\000m\000b\000u\000s\000t\000i\000b\000l\000e\000s\000\040\000f\000\363\000s\000i\000l\000e\000s\000.}{chapter.1}% 15
\BOOKMARK [2][-]{subsection.1.4.1}{\376\377\000R\000e\000s\000e\000r\000v\000a\000s\000\040\000y\000\040\000r\000e\000c\000u\000r\000s\000o\000s\000\040\000m\000u\000n\000d\000i\000a\000l\000e\000s\000.}{section.1.4}% 16
\BOOKMARK [2][-]{subsection.1.4.2}{\376\377\000E\000v\000o\000l\000u\000c\000i\000\363\000n\000\040\000d\000e\000\040\000l\000a\000s\000\040\000r\000e\000s\000e\000r\000v\000a\000s\000\040\000d\000e\000\040\000p\000e\000t\000r\000\363\000l\000e\000o\000\040\000y\000\040\000g\000a\000s\000.}{section.1.4}% 17
\BOOKMARK [1][-]{section.1.5}{\376\377\000C\000o\000n\000c\000e\000p\000t\000o\000\040\000d\000e\000\040\000e\000n\000e\000r\000g\000\355\000a\000\040\000p\000r\000i\000m\000a\000r\000i\000a\000,\000\040\000f\000i\000n\000a\000l\000\040\000y\000\040\000\372\000t\000i\000l\000.}{chapter.1}% 18
\BOOKMARK [1][-]{section.1.6}{\376\377\000F\000o\000r\000m\000a\000s\000\040\000p\000r\000\341\000c\000t\000i\000c\000a\000s\000\040\000d\000e\000\040\000l\000a\000\040\000e\000n\000e\000r\000g\000\355\000a\000.}{chapter.1}% 19
\BOOKMARK [1][-]{section.1.7}{\376\377\000C\000o\000n\000c\000e\000p\000t\000o\000\040\000d\000e\000\040\000e\000f\000i\000c\000i\000e\000n\000c\000i\000a\000\040\000o\000\040\000r\000e\000n\000d\000i\000m\000i\000e\000n\000t\000o\000.}{chapter.1}% 20
\BOOKMARK [1][-]{section.1.8}{\376\377\000U\000n\000i\000d\000a\000d\000e\000s\000\040\000d\000e\000\040\000e\000n\000e\000r\000g\000\355\000a\000.}{chapter.1}% 21
\BOOKMARK [1][-]{section.1.9}{\376\377\000U\000n\000i\000d\000a\000d\000e\000s\000\040\000d\000e\000\040\000e\000n\000e\000r\000g\000\355\000a\000\040\000e\000n\000\040\000c\000o\000m\000b\000u\000s\000t\000i\000b\000l\000e\000s\000\040\000g\000a\000s\000e\000o\000s\000o\000s\000.}{chapter.1}% 22
\BOOKMARK [1][-]{section.1.10}{\376\377\000C\000o\000n\000s\000u\000m\000o\000\040\000m\000u\000n\000d\000i\000a\000l\000\040\000d\000e\000\040\000e\000n\000e\000r\000g\000\355\000a\000\040\000p\000r\000i\000m\000a\000r\000i\000a\000.}{chapter.1}% 23
\BOOKMARK [1][-]{section.1.11}{\376\377\000I\000n\000t\000e\000n\000s\000i\000d\000a\000d\000\040\000e\000n\000e\000r\000g\000\351\000t\000i\000c\000a\000\040\000p\000r\000i\000m\000a\000r\000i\000a\000\040\000y\000\040\000d\000e\000\040\000e\000n\000e\000r\000g\000\355\000a\000\040\000f\000i\000n\000a\000l\000.}{chapter.1}% 24
\BOOKMARK [2][-]{subsection.1.11.1}{\376\377\000I\000n\000t\000e\000n\000s\000i\000d\000a\000d\000\040\000e\000n\000e\000r\000g\000\351\000t\000i\000c\000a\000\040\000p\000r\000i\000m\000a\000r\000i\000a\000.}{section.1.11}% 25
\BOOKMARK [2][-]{subsection.1.11.2}{\376\377\000I\000n\000t\000e\000n\000s\000i\000d\000a\000d\000\040\000d\000e\000\040\000e\000n\000e\000r\000g\000\355\000a\000\040\000f\000i\000n\000a\000l\000.}{section.1.11}% 26
\BOOKMARK [1][-]{section.1.12}{\376\377\000C\000o\000n\000t\000r\000i\000b\000u\000c\000i\000\363\000n\000\040\000d\000e\000\040\000l\000a\000s\000\040\000e\000n\000e\000r\000g\000\355\000a\000s\000\040\000r\000e\000n\000o\000v\000a\000b\000l\000e\000s\000\040\000a\000\040\000l\000a\000\040\000r\000e\000d\000u\000c\000c\000i\000\363\000n\000\040\000d\000e\000l\000\040\000c\000o\000n\000s\000u\000m\000o\000\040\000d\000e\000\040\000e\000n\000e\000r\000g\000\355\000a\000s\000\040\000p\000r\000i\000m\000a\000r\000i\000a\000s\000.}{chapter.1}% 27
\BOOKMARK [2][-]{subsection.1.12.1}{\376\377\000P\000l\000a\000n\000\040\000d\000e\000\040\000f\000o\000m\000e\000n\000t\000o\000\040\000d\000e\000\040\000l\000a\000s\000\040\000e\000n\000e\000r\000g\000\355\000a\000s\000\040\000r\000e\000n\000o\000v\000a\000b\000l\000e\000s\000\040\000\050\000P\000F\000E\000R\000,\000\040\0002\0000\0000\0005\000-\0002\0000\0001\0000\000\051}{section.1.12}% 28
\BOOKMARK [2][-]{subsection.1.12.2}{\376\377\000P\000l\000a\000n\000\040\000d\000e\000\040\000f\000o\000m\000e\000n\000t\000o\000\040\000d\000e\000\040\000l\000a\000s\000\040\000e\000n\000e\000r\000g\000\355\000a\000s\000\040\000r\000e\000n\000o\000v\000a\000b\000l\000e\000s\000\040\000\050\000P\000A\000N\000E\000R\000,\000\040\0002\0000\0001\0001\000-\0002\0000\0002\0000\000\051}{section.1.12}% 29
\BOOKMARK [2][-]{subsection.1.12.3}{\376\377\000P\000l\000a\000n\000\040\000n\000a\000c\000i\000o\000n\000a\000l\000\040\000i\000n\000t\000e\000g\000r\000a\000d\000o\000\040\000d\000e\000\040\000e\000n\000e\000r\000g\000\355\000a\000\040\000y\000\040\000c\000l\000i\000m\000a\000\040\000\050\000P\000N\000I\000E\000C\000,\000\040\0002\0000\0001\0001\000-\0002\0000\0003\0000\000\051}{section.1.12}% 30
\BOOKMARK [1][-]{section.1.13}{\376\377\000E\000v\000o\000l\000u\000c\000i\000\363\000n\000\040\000d\000e\000\040\000l\000a\000\040\000p\000o\000t\000e\000n\000c\000i\000a\000\040\000r\000e\000n\000o\000v\000a\000b\000l\000e\000\040\000i\000n\000s\000t\000a\000l\000a\000d\000a\000\040\000e\000n\000\040\000r\000\351\000g\000i\000m\000e\000n\000\040\000r\000e\000g\000u\000l\000a\000d\000o\000\040\000e\000n\000\040\000E\000s\000p\000a\000\361\000a\000.}{chapter.1}% 31
\BOOKMARK [1][-]{section.1.14}{\376\377\000P\000o\000t\000e\000n\000c\000i\000a\000\040\000i\000n\000s\000t\000a\000l\000a\000d\000a\000\040\000y\000\040\000e\000v\000o\000l\000u\000c\000i\000\363\000n\000\040\000d\000e\000\040\000l\000a\000\040\000d\000e\000m\000a\000n\000d\000a\000\040\000e\000n\000\040\000E\000s\000p\000a\000\361\000a\000.}{chapter.1}% 32
\BOOKMARK [1][-]{section.1.15}{\376\377\000B\000a\000l\000a\000n\000c\000e\000\040\000d\000e\000\040\000p\000r\000o\000d\000u\000c\000c\000i\000\363\000n\000\040\000d\000e\000\040\000e\000n\000e\000r\000g\000\355\000a\000\040\000e\000l\000\351\000c\000t\000r\000i\000c\000a\000\040\000e\000n\000\040\000E\000s\000p\000a\000\361\000a\000.}{chapter.1}% 33
\BOOKMARK [1][-]{section.1.16}{\376\377\000B\000a\000l\000a\000n\000c\000e\000\040\000d\000e\000\040\000i\000n\000t\000e\000r\000c\000a\000m\000b\000i\000o\000s\000\040\000i\000n\000t\000e\000r\000n\000a\000c\000i\000o\000n\000a\000l\000e\000s\000.}{chapter.1}% 34
\BOOKMARK [1][-]{section.1.17}{\376\377\000E\000v\000o\000l\000u\000c\000i\000\363\000n\000\040\000d\000e\000\040\000l\000a\000s\000\040\000p\000\351\000r\000d\000i\000d\000a\000s\000\040\000d\000e\000\040\000e\000n\000e\000r\000g\000\355\000a\000\040\000e\000l\000\351\000c\000t\000r\000i\000c\000a\000\040\000e\000n\000\040\000E\000s\000p\000a\000\361\000a}{chapter.1}% 35
\BOOKMARK [1][-]{section.1.18}{\376\377\000C\000o\000b\000e\000r\000t\000u\000r\000a\000\040\000d\000e\000\040\000l\000a\000\040\000d\000e\000m\000a\000n\000d\000a\000\040\000d\000e\000\040\000e\000n\000e\000r\000g\000\355\000a\000\040\000e\000l\000\351\000c\000t\000r\000i\000c\000a\000\040\000e\000n\000\040\000E\000s\000p\000a\000\361\000a\000.}{chapter.1}% 36
\BOOKMARK [1][-]{section.1.19}{\376\377\000E\000m\000i\000s\000i\000o\000n\000e\000s\000\040\000y\000\040\000f\000a\000c\000t\000o\000r\000\040\000d\000e\000\040\000e\000m\000i\000s\000i\000\363\000n\000\040\000d\000e\000\040\000C\000O\0002\000\040\000e\000q\000u\000i\000v\000a\000l\000e\000n\000t\000e\000\040\000a\000s\000o\000c\000i\000a\000d\000o\000\040\000a\000\040\000l\000a\000\040\000g\000e\000n\000e\000r\000a\000c\000i\000\363\000n\000\040\000d\000e\000\040\000e\000n\000e\000r\000g\000\355\000a\000\040\000e\000l\000\351\000c\000t\000r\000i\000c\000a\000\040\000e\000n\000\040\000E\000s\000p\000a\000\361\000a\000\040\000\050\0002\0000\0002\0003\000\051\000.}{chapter.1}% 37
\BOOKMARK [1][-]{section.1.20}{\376\377\000C\000l\000a\000s\000i\000f\000i\000c\000a\000c\000i\000\363\000n\000\040\000d\000e\000\040\000l\000a\000s\000\040\000c\000e\000n\000t\000r\000a\000l\000e\000s\000\040\000e\000l\000\351\000c\000t\000r\000i\000c\000a\000s\000\040\000s\000e\000g\000\372\000n\000\040\000e\000l\000\040\000t\000i\000p\000o\000\040\000d\000e\000\040\000e\000n\000e\000r\000g\000\355\000a\000\040\000p\000r\000i\000m\000a\000r\000i\000a\000.}{chapter.1}% 38
\BOOKMARK [1][-]{section.1.21}{\376\377\000E\000m\000p\000l\000a\000z\000a\000m\000i\000e\000n\000t\000o\000\040\000d\000e\000\040\000l\000a\000s\000\040\000c\000e\000n\000t\000r\000a\000l\000e\000s\000\040\000e\000l\000\351\000c\000t\000r\000i\000c\000a\000s\000\040\000e\000n\000\040\000E\000s\000p\000a\000\361\000a\000.}{chapter.1}% 39
\BOOKMARK [1][-]{section.1.22}{\376\377\000C\000l\000a\000s\000i\000f\000i\000c\000a\000c\000i\000\363\000n\000\040\000d\000e\000\040\000l\000a\000s\000\040\000c\000e\000n\000t\000r\000a\000l\000e\000s\000\040\000t\000e\000r\000m\000o\000e\000l\000\351\000c\000t\000r\000i\000c\000a\000s\000\040\000s\000e\000g\000\372\000n\000\040\000e\000l\000\040\000t\000i\000p\000o\000\040\000d\000e\000\040\000c\000i\000c\000l\000o\000\040\000t\000e\000r\000m\000o\000d\000i\000n\000\341\000m\000i\000c\000o\000.}{chapter.1}% 40
\BOOKMARK [1][-]{section.1.23}{\376\377\000C\000l\000a\000s\000i\000f\000i\000c\000a\000c\000i\000\363\000n\000\040\000d\000e\000\040\000l\000a\000s\000\040\000c\000e\000n\000t\000r\000a\000l\000e\000s\000\040\000s\000e\000g\000\372\000n\000\040\000l\000a\000\040\000m\000i\000s\000i\000\363\000n\000\040\000q\000u\000e\000\040\000r\000e\000a\000l\000i\000z\000a\000n\000\040\000d\000e\000n\000t\000r\000o\000\040\000d\000e\000l\000\040\000s\000i\000s\000t\000e\000m\000a\000\040\000e\000l\000\351\000c\000t\000r\000i\000c\000o\000.}{chapter.1}% 41
\BOOKMARK [1][-]{section.1.24}{\376\377\000F\000u\000e\000n\000t\000e\000s\000\040\000d\000e\000\040\000e\000n\000e\000r\000g\000\355\000a\000\040\000p\000r\000i\000m\000a\000r\000i\000a\000\040\000f\000\363\000s\000i\000l\000.}{chapter.1}% 42
\BOOKMARK [2][-]{subsection.1.24.1}{\376\377\000P\000e\000t\000r\000\363\000l\000e\000o\000\040\000\050\000c\000r\000u\000d\000o\000\040\000d\000e\000\040\000p\000e\000t\000r\000\363\000l\000e\000o\000\051\000.}{section.1.24}% 43
\BOOKMARK [2][-]{subsection.1.24.2}{\376\377\000G\000a\000s\000\040\000n\000a\000t\000u\000r\000a\000l\000.}{section.1.24}% 44
\BOOKMARK [2][-]{subsection.1.24.3}{\376\377\000C\000a\000r\000b\000\363\000n\000.}{section.1.24}% 45
\BOOKMARK [2][-]{subsection.1.24.4}{\376\377\000U\000r\000a\000n\000i\000o\000.}{section.1.24}% 46
\BOOKMARK [1][-]{section.1.25}{\376\377\000E\000n\000e\000r\000g\000\355\000a\000\040\000h\000i\000d\000r\000\341\000u\000l\000i\000c\000a\000.}{chapter.1}% 47
\BOOKMARK [2][-]{subsection.1.25.1}{\376\377\000C\000e\000n\000t\000r\000a\000l\000e\000s\000\040\000h\000i\000d\000r\000o\000e\000l\000\351\000c\000t\000r\000i\000c\000a\000s\000\040\000d\000e\000\040\000b\000o\000m\000b\000e\000o\000.}{section.1.25}% 48
\BOOKMARK [1][-]{section.1.26}{\376\377\000E\000s\000q\000u\000e\000m\000a\000s\000\040\000d\000e\000\040\000c\000e\000n\000t\000r\000a\000l\000e\000s\000\040\000e\000l\000\351\000c\000t\000r\000i\000c\000a\000s\000.}{chapter.1}% 49
\BOOKMARK [2][-]{subsection.1.26.1}{\376\377\000E\000s\000q\000u\000e\000m\000a\000\040\000d\000e\000\040\000u\000n\000a\000\040\000c\000e\000n\000t\000r\000a\000l\000\040\000e\000l\000\351\000c\000t\000r\000i\000c\000a\000.}{section.1.26}% 50
\BOOKMARK [2][-]{subsection.1.26.2}{\376\377\000E\000s\000q\000u\000e\000m\000a\000\040\000d\000e\000\040\000u\000n\000a\000\040\000c\000e\000n\000t\000r\000a\000l\000\040\000d\000e\000\040\000c\000i\000c\000l\000o\000\040\000c\000o\000m\000b\000i\000n\000a\000d\000o\000.}{section.1.26}% 51
\BOOKMARK [0][-]{chapter.2}{\376\377\000E\000n\000e\000r\000g\000\355\000a\000\040\000e\000l\000\351\000c\000t\000r\000i\000c\000a\000\040\000y\000\040\000d\000e\000s\000a\000r\000r\000o\000l\000l\000o\000\040\000s\000o\000s\000t\000e\000n\000i\000b\000l\000e\000.}{}% 52
\BOOKMARK [1][-]{section.2.1}{\376\377\000I\000n\000t\000r\000o\000d\000u\000c\000c\000i\000\363\000n\000\040\000a\000l\000\040\000d\000e\000s\000a\000r\000r\000o\000l\000l\000o\000\040\000s\000o\000s\000t\000e\000n\000i\000b\000l\000e\000.}{chapter.2}% 53
\BOOKMARK [2][-]{subsection.2.1.1}{\376\377\000C\000u\000m\000b\000r\000e\000s\000\040\000c\000l\000i\000m\000\341\000t\000i\000c\000a\000s\000.}{section.2.1}% 54
\BOOKMARK [1][-]{section.2.2}{\376\377\000G\000a\000s\000e\000s\000\040\000d\000e\000\040\000e\000f\000e\000c\000t\000o\000\040\000i\000n\000v\000e\000r\000n\000a\000d\000e\000r\000o\000.}{chapter.2}% 55
\BOOKMARK [2][-]{subsection.2.2.1}{\376\377\000C\000O\0002\000\040\000e\000q\000u\000i\000v\000a\000l\000e\000n\000t\000e\000.}{section.2.2}% 56
\BOOKMARK [2][-]{subsection.2.2.2}{\376\377\000D\000i\000\363\000x\000i\000d\000o\000\040\000d\000e\000\040\000c\000a\000r\000b\000o\000n\000o\000\040\000\050\000C\000O\0002\000\051\000.}{section.2.2}% 57
\BOOKMARK [2][-]{subsection.2.2.3}{\376\377\000\323\000x\000i\000d\000o\000\040\000n\000i\000t\000r\000o\000s\000o\000\040\000\050\000N\0002\000O\000\051\000\040\000y\000\040\000\363\000x\000i\000d\000o\000s\000\040\000d\000e\000\040\000n\000i\000t\000r\000\363\000g\000e\000n\000o\000\040\000\050\000N\000O\000x\000\040\000\051\000.}{section.2.2}% 58
\BOOKMARK [2][-]{subsection.2.2.4}{\376\377\000M\000e\000t\000a\000n\000o\000\040\000\050\000C\000H\0004\000\051\000.}{section.2.2}% 59
\BOOKMARK [2][-]{subsection.2.2.5}{\376\377\000H\000i\000d\000r\000o\000f\000l\000u\000o\000r\000o\000c\000a\000r\000b\000o\000n\000o\000s\000\040\000\050\000H\000F\000C\000\051\000.}{section.2.2}% 60
\BOOKMARK [2][-]{subsection.2.2.6}{\376\377\000P\000e\000r\000f\000l\000u\000o\000r\000o\000r\000c\000a\000r\000b\000u\000r\000o\000s\000\040\000\050\000P\000F\000C\000\051\000.}{section.2.2}% 61
\BOOKMARK [2][-]{subsection.2.2.7}{\376\377\000H\000e\000x\000a\000f\000l\000u\000o\000r\000u\000r\000o\000\040\000d\000e\000\040\000a\000z\000u\000f\000r\000e\000\040\000\050\000S\000F\0006\000\051\000.}{section.2.2}% 62
\BOOKMARK [1][-]{section.2.3}{\376\377\000E\000f\000e\000c\000t\000o\000\040\000i\000n\000v\000e\000r\000n\000a\000d\000e\000r\000o\000.}{chapter.2}% 63
\BOOKMARK [2][-]{subsection.2.3.1}{\376\377\000F\000o\000r\000z\000a\000m\000i\000e\000n\000t\000o\000\040\000r\000a\000d\000i\000a\000c\000t\000i\000v\000o\000\040\000o\000\040\000c\000l\000i\000m\000\341\000t\000i\000c\000o\000.}{section.2.3}% 64
\BOOKMARK [2][-]{subsection.2.3.2}{\376\377\000E\000v\000o\000l\000u\000c\000i\000\363\000n\000\040\000d\000e\000\040\000l\000a\000s\000\040\000e\000m\000i\000s\000i\000o\000n\000e\000s\000\040\000d\000e\000\040\000C\000O\0002\000\040\000e\000q\000u\000i\000v\000a\000l\000e\000n\000t\000e\000\040\000e\000n\000\040\000E\000s\000p\000a\000\361\000a\000.}{section.2.3}% 65
\BOOKMARK [1][-]{section.2.4}{\376\377\000P\000r\000o\000t\000o\000c\000o\000l\000o\000\040\000d\000e\000\040\000K\000i\000o\000t\000o\000.}{chapter.2}% 66
\BOOKMARK [2][-]{subsection.2.4.1}{\376\377\000P\000o\000l\000\355\000t\000i\000c\000a\000s\000\040\000y\000\040\000m\000e\000d\000i\000d\000a\000s\000.}{section.2.4}% 67
\BOOKMARK [2][-]{subsection.2.4.2}{\376\377\000C\000r\000e\000a\000c\000i\000\363\000n\000\040\000d\000e\000\040\000s\000u\000m\000i\000d\000e\000r\000o\000s\000.}{section.2.4}% 68
\BOOKMARK [2][-]{subsection.2.4.3}{\376\377\000M\000e\000c\000a\000n\000i\000s\000m\000o\000s\000\040\000f\000l\000e\000x\000i\000b\000l\000e\000s\000.}{section.2.4}% 69
\BOOKMARK [1][-]{section.2.5}{\376\377\000P\000N\000A\000.}{chapter.2}% 70
\BOOKMARK [1][-]{section.2.6}{\376\377\000P\000r\000e\000c\000i\000o\000\040\000d\000e\000\040\000e\000m\000i\000s\000i\000\363\000n\000.}{chapter.2}% 71
\BOOKMARK [2][-]{subsection.2.6.1}{\376\377\000E\000v\000o\000l\000u\000c\000i\000\363\000n\000\040\000d\000e\000l\000\040\000p\000r\000e\000c\000i\000o\000\040\000d\000e\000l\000\040\000d\000e\000r\000e\000c\000h\000o\000\040\000d\000e\000\040\000e\000m\000i\000s\000i\000\363\000n\000.}{section.2.6}% 72
\BOOKMARK [2][-]{subsection.2.6.2}{\376\377\000I\000n\000f\000l\000u\000e\000n\000c\000i\000a\000\040\000c\000o\000s\000t\000e\000\040\000d\000e\000\040\000e\000m\000i\000s\000i\000\363\000n\000\040\000e\000n\000\040\000e\000l\000\040\000m\000e\000r\000c\000a\000d\000o\000\040\000e\000l\000\351\000c\000t\000r\000i\000c\000o\000.}{section.2.6}% 73
\BOOKMARK [2][-]{subsection.2.6.3}{\376\377\000F\000a\000c\000t\000o\000r\000\040\000d\000e\000\040\000e\000m\000i\000s\000i\000\363\000n\000.}{section.2.6}% 74
\BOOKMARK [2][-]{subsection.2.6.4}{\376\377\000C\000\341\000l\000c\000u\000l\000o\000\040\000d\000e\000l\000\040\000f\000a\000c\000t\000o\000r\000\040\000d\000e\000\040\000e\000m\000i\000s\000i\000\363\000n\000.}{section.2.6}% 75
\BOOKMARK [2][-]{subsection.2.6.5}{\376\377\000E\000m\000i\000s\000i\000o\000n\000e\000s\000\040\000e\000n\000\040\000l\000a\000\040\000c\000o\000m\000b\000u\000s\000t\000i\000\363\000n\000.}{section.2.6}% 76
\BOOKMARK [2][-]{subsection.2.6.6}{\376\377\000E\000m\000i\000s\000i\000o\000n\000e\000s\000\040\000e\000v\000i\000t\000a\000d\000a\000s\000\040\000c\000o\000n\000\040\000l\000a\000s\000\040\000e\000n\000e\000r\000g\000\355\000a\000s\000\040\000r\000e\000n\000o\000v\000a\000b\000l\000e\000s\000.}{section.2.6}% 77
\BOOKMARK [1][-]{section.2.7}{\376\377\000C\000o\000m\000b\000u\000s\000t\000i\000b\000l\000e\000s\000\040\000f\000\363\000s\000i\000l\000e\000s\000.}{chapter.2}% 78
\BOOKMARK [2][-]{subsection.2.7.1}{\376\377\000C\000o\000m\000b\000u\000s\000t\000i\000b\000l\000e\000\040\000s\000\363\000l\000i\000d\000o\000s\000.}{section.2.7}% 79
\BOOKMARK [2][-]{subsection.2.7.2}{\376\377\000C\000o\000m\000b\000u\000s\000t\000i\000b\000l\000e\000\040\000g\000a\000s\000e\000o\000s\000o\000s\000.}{section.2.7}% 80
\BOOKMARK [2][-]{subsection.2.7.3}{\376\377\000C\000o\000m\000b\000u\000s\000t\000i\000b\000l\000e\000\040\000l\000\355\000q\000u\000i\000d\000o\000s\000.}{section.2.7}% 81
\BOOKMARK [1][-]{section.2.8}{\376\377\000I\000m\000p\000a\000c\000t\000o\000\040\000a\000m\000b\000i\000e\000n\000t\000a\000l\000\040\000d\000e\000\040\000l\000a\000s\000\040\000c\000e\000n\000t\000r\000a\000l\000e\000s\000\040\000t\000\351\000r\000m\000i\000c\000a\000s\000\040\000d\000e\000\040\000c\000o\000m\000b\000u\000s\000t\000i\000\363\000n\000.}{chapter.2}% 82
\BOOKMARK [2][-]{subsection.2.8.1}{\376\377\000C\000o\000m\000p\000o\000s\000i\000c\000i\000\363\000n\000\040\000d\000e\000\040\000g\000a\000s\000e\000s\000\040\000d\000e\000\040\000l\000a\000\040\000c\000o\000m\000b\000u\000s\000t\000i\000\363\000n\000.}{section.2.8}% 83
\BOOKMARK [2][-]{subsection.2.8.2}{\376\377\000T\000r\000a\000t\000a\000m\000i\000e\000n\000t\000o\000s\000\040\000p\000a\000r\000a\000\040\000r\000e\000d\000u\000c\000c\000i\000\363\000n\000\040\000d\000e\000\040\000e\000m\000i\000s\000i\000o\000n\000e\000s\000.}{section.2.8}% 84
\BOOKMARK [2][-]{subsection.2.8.3}{\376\377\000I\000m\000p\000a\000c\000t\000o\000\040\000a\000m\000b\000i\000e\000n\000t\000a\000l\000\040\000c\000e\000n\000t\000r\000a\000l\000e\000s\000\040\000t\000\351\000r\000m\000i\000c\000a\000s\000.}{section.2.8}% 85
\BOOKMARK [1][-]{section.2.9}{\376\377\000I\000m\000p\000a\000c\000t\000o\000\040\000a\000m\000b\000i\000e\000n\000t\000a\000l\000\040\000c\000e\000n\000t\000r\000a\000l\000e\000s\000\040\000n\000u\000c\000l\000e\000a\000r\000e\000s\000.}{chapter.2}% 86
\BOOKMARK [2][-]{subsection.2.9.1}{\376\377\000T\000i\000p\000o\000s\000\040\000d\000e\000\040\000r\000a\000d\000i\000o\000a\000c\000t\000i\000v\000i\000d\000a\000d\000.}{section.2.9}% 87
\BOOKMARK [2][-]{subsection.2.9.2}{\376\377\000M\000e\000d\000i\000d\000a\000\040\000d\000e\000\040\000l\000a\000\040\000r\000a\000d\000i\000o\000a\000c\000t\000i\000v\000i\000d\000a\000d\000.}{section.2.9}% 88
\BOOKMARK [2][-]{subsection.2.9.3}{\376\377\000C\000l\000a\000s\000i\000f\000i\000c\000a\000c\000i\000\363\000n\000\040\000d\000e\000\040\000l\000o\000s\000\040\000r\000e\000s\000i\000d\000u\000o\000s\000\040\000r\000a\000d\000i\000o\000a\000c\000t\000i\000v\000o\000s\000.}{section.2.9}% 89
\BOOKMARK [2][-]{subsection.2.9.4}{\376\377\000G\000e\000s\000t\000i\000\363\000n\000\040\000d\000e\000l\000\040\000c\000o\000m\000b\000u\000s\000t\000i\000b\000l\000e\000\040\000g\000a\000s\000t\000a\000d\000o\000.}{section.2.9}% 90
\BOOKMARK [1][-]{section.2.10}{\376\377\000I\000m\000p\000a\000c\000t\000o\000\040\000a\000m\000b\000i\000e\000n\000t\000a\000l\000\040\000c\000e\000n\000t\000r\000a\000l\000e\000s\000\040\000h\000i\000d\000r\000o\000e\000l\000\351\000c\000t\000r\000i\000c\000a\000s\000.}{chapter.2}% 91
\BOOKMARK [1][-]{section.2.11}{\376\377\000I\000m\000p\000a\000c\000t\000o\000\040\000a\000m\000b\000i\000e\000n\000t\000a\000l\000\040\000t\000r\000a\000n\000s\000p\000o\000r\000t\000e\000\040\000y\000\040\000t\000r\000a\000n\000s\000f\000o\000r\000m\000a\000c\000i\000\363\000n\000\040\000e\000n\000e\000r\000g\000\355\000a\000\040\000e\000l\000\351\000c\000t\000r\000i\000c\000a\000.}{chapter.2}% 92
\BOOKMARK [0][-]{chapter.3}{\376\377\000T\000e\000c\000n\000o\000l\000o\000g\000\355\000a\000s\000\040\000m\000\341\000s\000\040\000e\000f\000i\000c\000i\000e\000n\000t\000e\000s\000.\000\040\000C\000a\000p\000t\000u\000r\000a\000\040\000d\000e\000\040\000C\000O\0002\000.}{}% 93
\BOOKMARK [1][-]{section.3.1}{\376\377\000E\000v\000o\000l\000u\000c\000i\000\363\000n\000\040\000d\000e\000\040\000l\000a\000s\000\040\000c\000a\000l\000d\000e\000r\000a\000s\000\040\000d\000e\000\040\000c\000o\000m\000b\000u\000s\000t\000i\000\363\000n\000\040\000d\000e\000\040\000c\000a\000r\000b\000\363\000n\000.}{chapter.3}% 94
\BOOKMARK [2][-]{subsection.3.1.1}{\376\377\000T\000u\000r\000b\000i\000n\000a\000\040\000d\000e\000\040\000v\000a\000p\000o\000r\000.}{section.3.1}% 95
\BOOKMARK [1][-]{section.3.2}{\376\377\000T\000e\000c\000n\000o\000l\000o\000g\000\355\000a\000\040\000d\000e\000\040\000c\000a\000p\000t\000u\000r\000a\000\040\000y\000\040\000a\000l\000m\000a\000c\000e\000n\000a\000m\000i\000e\000n\000t\000o\000\040\000d\000e\000\040\000C\000O\0002\000.}{chapter.3}% 96
\BOOKMARK [2][-]{subsection.3.2.1}{\376\377\000C\000o\000m\000b\000u\000s\000t\000i\000\363\000n\000\040\000c\000o\000n\000v\000e\000n\000c\000i\000o\000n\000a\000l\000\040\000d\000e\000l\000\040\000c\000a\000r\000b\000\363\000n\000\040\000p\000u\000l\000v\000e\000r\000i\000z\000a\000d\000o\000.}{section.3.2}% 97
\BOOKMARK [2][-]{subsection.3.2.2}{\376\377\000C\000o\000-\000c\000o\000m\000b\000u\000s\000t\000i\000\363\000n\000.}{section.3.2}% 98
\BOOKMARK [2][-]{subsection.3.2.3}{\376\377\000C\000a\000p\000t\000u\000r\000a\000\040\000C\000O\0002\000\040\000a\000n\000t\000e\000s\000\040\000d\000e\000\040\000l\000a\000\040\000c\000o\000m\000b\000u\000s\000t\000i\000\363\000n\000.}{section.3.2}% 99
\BOOKMARK [2][-]{subsection.3.2.4}{\376\377\000C\000a\000p\000t\000u\000r\000a\000\040\000C\000O\0002\000\040\000d\000u\000r\000a\000n\000t\000e\000\040\000l\000a\000\040\000c\000o\000m\000b\000u\000s\000t\000i\000\363\000n\000.}{section.3.2}% 100
\BOOKMARK [2][-]{subsection.3.2.5}{\376\377\000C\000a\000p\000t\000u\000r\000a\000\040\000C\000O\0002\000\040\000t\000r\000a\000s\000\040\000l\000a\000\040\000c\000o\000m\000b\000u\000s\000t\000i\000\363\000n\000.}{section.3.2}% 101
\BOOKMARK [2][-]{subsection.3.2.6}{\376\377\000T\000r\000a\000n\000s\000p\000o\000r\000t\000e\000\040\000y\000\040\000a\000l\000m\000a\000c\000e\000n\000a\000m\000i\000e\000n\000t\000o\000\040\000d\000e\000\040\000C\000O\0002\000.}{section.3.2}% 102
\BOOKMARK [2][-]{subsection.3.2.7}{\376\377\000T\000r\000a\000n\000s\000f\000o\000r\000m\000a\000c\000i\000\363\000n\000\040\000C\000O\0002\000\040\000e\000n\000\040\000m\000e\000t\000a\000n\000o\000.}{section.3.2}% 103
\BOOKMARK [1][-]{section.3.3}{\376\377\000C\000a\000l\000d\000e\000r\000a\000s\000\040\000d\000e\000\040\000c\000o\000m\000b\000u\000s\000t\000i\000\363\000n\000\040\000d\000e\000\040\000l\000e\000c\000h\000o\000\040\000f\000l\000u\000i\000d\000i\000z\000a\000d\000o\000\040\000\050\000C\000L\000F\000\051\000.}{chapter.3}% 104
\BOOKMARK [2][-]{subsection.3.3.1}{\376\377\000V\000e\000n\000t\000a\000j\000a\000s\000\040\000C\000L\000F\000.}{section.3.3}% 105
\BOOKMARK [2][-]{subsection.3.3.2}{\376\377\000T\000i\000p\000o\000s\000\040\000d\000e\000\040\000C\000L\000F\000.}{section.3.3}% 106
\BOOKMARK [1][-]{section.3.4}{\376\377\000G\000a\000s\000i\000f\000i\000c\000a\000c\000i\000\363\000n\000\040\000d\000e\000l\000\040\000c\000a\000r\000b\000\363\000n\000.}{chapter.3}% 107
\BOOKMARK [2][-]{subsection.3.4.1}{\376\377\000T\000i\000p\000o\000s\000\040\000d\000e\000\040\000g\000a\000s\000i\000f\000i\000c\000a\000d\000o\000r\000e\000s\000.}{section.3.4}% 108
\BOOKMARK [2][-]{subsection.3.4.2}{\376\377\000E\000s\000t\000a\000d\000o\000\040\000a\000c\000t\000u\000a\000l\000\040\000d\000e\000\040\000l\000a\000\040\000g\000a\000s\000i\000f\000i\000c\000a\000c\000i\000\363\000n\000.}{section.3.4}% 109
\BOOKMARK [1][-]{section.3.5}{\376\377\000H\000i\000d\000r\000\363\000g\000e\000n\000o\000.}{chapter.3}% 110
\BOOKMARK [2][-]{subsection.3.5.1}{\376\377\000P\000r\000o\000d\000u\000c\000c\000i\000\363\000n\000\040\000d\000e\000l\000\040\000h\000i\000d\000r\000\363\000g\000e\000n\000o\000.}{section.3.5}% 111
\BOOKMARK [2][-]{subsection.3.5.2}{\376\377\000C\000l\000a\000s\000i\000f\000i\000c\000a\000c\000i\000\363\000n\000\040\000d\000e\000l\000\040\000h\000i\000d\000r\000\363\000g\000e\000n\000o\000.}{section.3.5}% 112
\BOOKMARK [2][-]{subsection.3.5.3}{\376\377\000A\000l\000m\000a\000c\000e\000n\000a\000m\000i\000e\000n\000t\000o\000\040\000d\000e\000l\000\040\000h\000i\000d\000r\000\363\000g\000e\000n\000o\000.}{section.3.5}% 113
\BOOKMARK [2][-]{subsection.3.5.4}{\376\377\000V\000e\000n\000t\000a\000j\000a\000s\000\040\000d\000e\000l\000\040\000h\000i\000d\000r\000\363\000g\000e\000n\000o\000.}{section.3.5}% 114
\BOOKMARK [2][-]{subsection.3.5.5}{\376\377\000A\000p\000l\000i\000c\000a\000c\000i\000o\000n\000e\000s\000\040\000d\000e\000l\000\040\000h\000i\000d\000r\000\363\000g\000e\000n\000o\000.}{section.3.5}% 115
\BOOKMARK [1][-]{section.3.6}{\376\377\000C\000i\000c\000l\000o\000s\000\040\000c\000o\000m\000b\000i\000n\000a\000d\000o\000s\000.}{chapter.3}% 116
\BOOKMARK [1][-]{section.3.7}{\376\377\000F\000u\000s\000i\000\363\000n\000\040\000n\000u\000c\000l\000e\000a\000r\000.}{chapter.3}% 117
\BOOKMARK [1][-]{section.3.8}{\376\377\000A\000l\000m\000a\000c\000e\000n\000a\000m\000i\000e\000n\000t\000o\000\040\000d\000e\000\040\000e\000n\000e\000r\000g\000\355\000a\000.}{chapter.3}% 118
\BOOKMARK [2][-]{subsection.3.8.1}{\376\377\000V\000o\000l\000a\000n\000t\000e\000s\000\040\000d\000e\000\040\000i\000n\000e\000r\000c\000i\000a\000.}{section.3.8}% 119
\BOOKMARK [2][-]{subsection.3.8.2}{\376\377\000S\000u\000p\000e\000r\000c\000o\000n\000d\000e\000n\000s\000a\000d\000o\000r\000e\000s\000.}{section.3.8}% 120
\BOOKMARK [2][-]{subsection.3.8.3}{\376\377\000B\000a\000t\000e\000r\000\355\000a\000s\000.}{section.3.8}% 121
\BOOKMARK [2][-]{subsection.3.8.4}{\376\377\000C\000e\000n\000t\000r\000a\000l\000e\000s\000\040\000d\000e\000\040\000b\000o\000m\000b\000e\000o\000.}{section.3.8}% 122
\BOOKMARK [2][-]{subsection.3.8.5}{\376\377\000A\000i\000r\000e\000\040\000c\000o\000m\000p\000r\000i\000m\000i\000d\000o\000\040\000\050\000C\000A\000E\000S\000\051\000.}{section.3.8}% 123
\BOOKMARK [0][-]{chapter.4}{\376\377\000C\000o\000b\000e\000r\000t\000u\000r\000a\000\040\000d\000e\000\040\000l\000a\000\040\000d\000e\000m\000a\000n\000d\000a\000.\000\040\000M\000e\000r\000c\000a\000d\000o\000\040\000e\000l\000\351\000c\000t\000r\000i\000c\000o\000.}{}% 124
\BOOKMARK [1][-]{section.4.1}{\376\377\000E\000x\000p\000l\000o\000t\000a\000c\000i\000\363\000n\000\040\000d\000e\000l\000\040\000m\000e\000r\000c\000a\000d\000o\000\040\000e\000l\000\351\000c\000t\000r\000i\000c\000o\000.}{chapter.4}% 125
\BOOKMARK [1][-]{section.4.2}{\376\377\000C\000u\000r\000v\000a\000\040\000d\000e\000\040\000d\000e\000m\000a\000n\000d\000a\000\040\000d\000i\000a\000r\000i\000a\000.}{chapter.4}% 126
\BOOKMARK [1][-]{section.4.3}{\376\377\000P\000\351\000r\000d\000i\000d\000a\000s\000\040\000e\000n\000\040\000l\000a\000\040\000r\000e\000d\000.}{chapter.4}% 127
\BOOKMARK [1][-]{section.4.4}{\376\377\000G\000e\000s\000t\000i\000\363\000n\000\040\000d\000e\000\040\000l\000a\000\040\000r\000e\000d\000.}{chapter.4}% 128
\BOOKMARK [2][-]{subsection.4.4.1}{\376\377\000I\000n\000c\000i\000d\000e\000n\000c\000i\000a\000s\000\040\000n\000o\000\040\000p\000r\000e\000v\000i\000s\000t\000a\000s\000.}{section.4.4}% 129
\BOOKMARK [2][-]{subsection.4.4.2}{\376\377\000C\000o\000n\000f\000i\000g\000u\000r\000a\000c\000i\000\363\000n\000\040\000s\000i\000s\000t\000e\000m\000a\000\040\000e\000l\000\351\000c\000t\000r\000i\000c\000o\000\040\000d\000e\000\040\000p\000o\000t\000e\000n\000c\000i\000a\000.}{section.4.4}% 130
\BOOKMARK [1][-]{section.4.5}{\376\377\000F\000u\000n\000c\000i\000o\000n\000a\000m\000i\000e\000n\000t\000o\000\040\000d\000e\000l\000\040\000m\000e\000r\000c\000a\000d\000o\000\040\000e\000l\000\351\000c\000t\000r\000i\000c\000o\000.}{chapter.4}% 131
\BOOKMARK [2][-]{subsection.4.5.1}{\376\377\000A\000c\000t\000i\000v\000i\000d\000a\000d\000e\000s\000\040\000p\000r\000i\000n\000c\000i\000p\000a\000l\000e\000s\000.}{section.4.5}% 132
\BOOKMARK [1][-]{section.4.6}{\376\377\000M\000e\000r\000c\000a\000d\000o\000\040\000i\000b\000\351\000r\000i\000c\000o\000\040\000\050\000M\000I\000B\000E\000L\000\051\000.}{chapter.4}% 133
\BOOKMARK [1][-]{section.4.7}{\376\377\000I\000n\000t\000e\000r\000c\000o\000n\000e\000x\000i\000o\000n\000e\000s\000\040\000c\000o\000n\000\040\000e\000l\000\040\000e\000x\000t\000r\000a\000n\000j\000e\000r\000o\000.}{chapter.4}% 134
\BOOKMARK [2][-]{subsection.4.7.1}{\376\377\000F\000r\000a\000n\000c\000i\000a\000.}{section.4.7}% 135
\BOOKMARK [2][-]{subsection.4.7.2}{\376\377\000P\000o\000r\000t\000u\000g\000a\000l\000.}{section.4.7}% 136
\BOOKMARK [2][-]{subsection.4.7.3}{\376\377\000M\000a\000r\000r\000u\000e\000c\000o\000s\000.}{section.4.7}% 137
\BOOKMARK [2][-]{subsection.4.7.4}{\376\377\000G\000e\000s\000t\000i\000\363\000n\000\040\000d\000e\000\040\000l\000a\000s\000\040\000i\000n\000t\000e\000r\000c\000o\000n\000e\000x\000i\000o\000n\000e\000s\000.}{section.4.7}% 138
\BOOKMARK [1][-]{section.4.8}{\376\377\000M\000e\000r\000c\000a\000d\000o\000\040\000E\000l\000\351\000c\000t\000r\000i\000c\000o\000.}{chapter.4}% 139
\BOOKMARK [2][-]{subsection.4.8.1}{\376\377\000S\000e\000c\000u\000e\000n\000c\000i\000a\000\040\000d\000e\000\040\000l\000o\000s\000\040\000p\000r\000o\000c\000e\000s\000o\000s\000\040\000d\000e\000l\000\040\000m\000e\000r\000c\000a\000d\000o\000.}{section.4.8}% 140
\BOOKMARK [2][-]{subsection.4.8.2}{\376\377\000M\000e\000r\000c\000a\000d\000o\000s\000\040\000a\000\040\000p\000l\000a\000z\000o\000.}{section.4.8}% 141
\BOOKMARK [2][-]{subsection.4.8.3}{\376\377\000M\000e\000r\000c\000a\000d\000o\000\040\000o\000r\000g\000a\000n\000i\000z\000a\000d\000o\000\040\000d\000i\000a\000r\000i\000o\000.}{section.4.8}% 142
\BOOKMARK [2][-]{subsection.4.8.4}{\376\377\000P\000r\000o\000c\000e\000s\000o\000\040\000d\000e\000\040\000c\000a\000s\000a\000c\000i\000\363\000n\000.}{section.4.8}% 143
\BOOKMARK [2][-]{subsection.4.8.5}{\376\377\000C\000u\000r\000v\000a\000\040\000d\000e\000\040\000o\000f\000e\000r\000t\000a\000\040\000d\000e\000\040\000v\000e\000n\000t\000a\000\040\000d\000e\000\040\000e\000n\000e\000r\000g\000\355\000a\000.}{section.4.8}% 144
\BOOKMARK [2][-]{subsection.4.8.6}{\376\377\000C\000o\000s\000t\000e\000\040\000d\000e\000\040\000o\000p\000o\000r\000t\000u\000n\000i\000d\000a\000d\000\040\000f\000u\000e\000n\000t\000e\000s\000\040\000d\000e\000\040\000e\000n\000e\000r\000g\000\355\000a\000.}{section.4.8}% 145
\BOOKMARK [2][-]{subsection.4.8.7}{\376\377\000R\000e\000t\000r\000i\000b\000u\000c\000i\000o\000n\000e\000s\000\040\000p\000a\000r\000a\000\040\000a\000m\000o\000r\000t\000i\000z\000a\000r\000\040\000c\000o\000s\000t\000e\000s\000\040\000f\000i\000j\000o\000s\000.}{section.4.8}% 146
\BOOKMARK [2][-]{subsection.4.8.8}{\376\377\000C\000u\000r\000v\000a\000\040\000d\000e\000\040\000d\000e\000m\000a\000n\000d\000a\000.}{section.4.8}% 147
\BOOKMARK [1][-]{section.4.9}{\376\377\000M\000e\000r\000c\000a\000d\000o\000\040\000d\000e\000\040\000r\000e\000s\000t\000r\000i\000c\000c\000i\000o\000n\000e\000s\000\040\000t\000\351\000c\000n\000i\000c\000a\000s\000.}{chapter.4}% 148
\BOOKMARK [1][-]{section.4.10}{\376\377\000M\000e\000r\000c\000a\000d\000o\000\040\000d\000e\000\040\000s\000e\000r\000v\000i\000c\000i\000o\000s\000\040\000c\000o\000m\000p\000l\000e\000m\000e\000n\000t\000a\000r\000i\000o\000s\000.}{chapter.4}% 149
\BOOKMARK [2][-]{subsection.4.10.1}{\376\377\000R\000e\000g\000u\000l\000a\000c\000i\000\363\000n\000\040\000p\000r\000i\000m\000a\000r\000i\000a\000.}{section.4.10}% 150
\BOOKMARK [2][-]{subsection.4.10.2}{\376\377\000R\000e\000g\000u\000l\000a\000c\000i\000\363\000n\000\040\000s\000e\000c\000u\000n\000d\000a\000r\000i\000a\000.}{section.4.10}% 151
\BOOKMARK [2][-]{subsection.4.10.3}{\376\377\000R\000e\000g\000u\000l\000a\000c\000i\000\363\000n\000\040\000t\000e\000r\000c\000i\000a\000r\000i\000a\000.}{section.4.10}% 152
\BOOKMARK [2][-]{subsection.4.10.4}{\376\377\000C\000o\000n\000t\000r\000o\000l\000\040\000d\000e\000\040\000t\000e\000n\000s\000i\000\363\000n\000.}{section.4.10}% 153
\BOOKMARK [2][-]{subsection.4.10.5}{\376\377\000G\000e\000s\000t\000i\000\363\000n\000\040\000d\000e\000\040\000d\000e\000s\000v\000\355\000o\000s\000.}{section.4.10}% 154
\BOOKMARK [1][-]{section.4.11}{\376\377\000P\000r\000e\000c\000i\000o\000\040\000m\000e\000d\000i\000o\000\040\000f\000i\000n\000a\000l\000.}{chapter.4}% 155
\BOOKMARK [1][-]{section.4.12}{\376\377\000P\000r\000o\000g\000r\000a\000m\000a\000c\000i\000\363\000n\000\040\000d\000e\000\040\000l\000a\000\040\000g\000e\000n\000e\000r\000a\000c\000i\000\363\000n\000\040\000d\000e\000\040\000e\000l\000e\000c\000t\000r\000i\000c\000i\000d\000a\000d\000.}{chapter.4}% 156
\BOOKMARK [2][-]{subsection.4.12.1}{\376\377\000C\000u\000r\000v\000a\000\040\000a\000c\000u\000m\000u\000l\000a\000d\000a\000\040\000d\000e\000\040\000d\000e\000m\000a\000n\000d\000a\000\040\000a\000n\000u\000a\000l\000.}{section.4.12}% 157
\BOOKMARK [2][-]{subsection.4.12.2}{\376\377\000P\000a\000r\000\341\000m\000e\000t\000r\000o\000s\000\040\000p\000r\000i\000n\000c\000i\000p\000a\000l\000e\000s\000\040\000c\000u\000r\000v\000a\000\040\000d\000e\000\040\000d\0